Obtivemos 18 cartas do conjunto Aetherdrift. Destas cartas, obtivemos 18 cartas no formato 'papel'.
Obtivemos 730 cartas do conjunto Foundations. Destas cartas, obtivemos 730 cartas no formato 'papel'.
Obtivemos 418 cartas do conjunto Duskmourn: House of Horror. Destas cartas, obtivemos 417 cartas no formato 'papel'.
Obtivemos 398 cartas do conjunto Bloomburrow. Destas cartas, obtivemos 397 cartas no formato 'papel'.
Obtivemos 95 cartas do conjunto The Big Score. Destas cartas, obtivemos 95 cartas no formato 'papel'.
Obtivemos 374 cartas do conjunto Outlaws of Thunder Junction. Destas cartas, obtivemos 374 cartas no formato 'papel'.
Obtivemos 450 cartas do conjunto Murders at Karlov Manor. Destas cartas, obtivemos 450 cartas no formato 'papel'.
Obtivemos 416 cartas do conjunto The Lost Caverns of Ixalan. Destas cartas, obtivemos 415 cartas no formato 'papel'.
Obtivemos 381 cartas do conjunto Wilds of Eldraine. Destas cartas, obtivemos 381 cartas no formato 'papel'.
Obtivemos 230 cartas do conjunto March of the Machine: The Aftermath. Destas cartas, obtivemos 230 cartas no formato 'papel'.
Obtivemos 387 cartas do conjunto March of the Machine. Destas cartas, obtivemos 387 cartas no formato 'papel'.
Obtivemos 479 cartas do conjunto Phyrexia: All Will Be One. Destas cartas, obtivemos 479 cartas no formato 'papel'.
Obtivemos 399 cartas do conjunto The Brothers' War. Destas cartas, obtivemos 387 cartas no formato 'papel'.
Obtivemos 453 cartas do conjunto Dominaria United. Destas cartas, obtivemos 436 cartas no formato 'papel'.
Obtivemos 513 cartas do conjunto Streets of New Capenna. Destas cartas, obtivemos 469 cartas no formato 'papel'.
Obtivemos 531 cartas do conjunto Kamigawa: Neon Dynasty. Destas cartas, obtivemos 514 cartas no formato 'papel'.
Obtivemos 423 cartas do conjunto Innistrad: Crimson Vow. Destas cartas, obtivemos 412 cartas no formato 'papel'.
Obtivemos 400 cartas do conjunto Innistrad: Midnight Hunt. Destas cartas, obtivemos 391 cartas no formato 'papel'.
Obtivemos 424 cartas do conjunto Adventures in the Forgotten Realms. Destas cartas, obtivemos 402 cartas no formato 'papel'.
Obtivemos 393 cartas do conjunto Strixhaven: School of Mages. Destas cartas, obtivemos 383 cartas no formato 'papel'.
Obtivemos 426 cartas do conjunto Kaldheim. Destas cartas, obtivemos 407 cartas no formato 'papel'.
Obtivemos 408 cartas do conjunto Zendikar Rising. Destas cartas, obtivemos 391 cartas no formato 'papel'.
Obtivemos 397 cartas do conjunto Core Set 2021. Destas cartas, obtivemos 397 cartas no formato 'papel'.
Obtivemos 390 cartas do conjunto Ikoria: Lair of Behemoths. Destas cartas, obtivemos 387 cartas no formato 'papel'.
Obtivemos 358 cartas do conjunto Theros Beyond Death. Destas cartas, obtivemos 358 cartas no formato 'papel'.
Obtivemos 399 cartas do conjunto Throne of Eldraine. Destas cartas, obtivemos 397 cartas no formato 'papel'.
Obtivemos 345 cartas do conjunto Core Set 2020. Destas cartas, obtivemos 345 cartas no formato 'papel'.
Obtivemos 312 cartas do conjunto War of the Spark. Destas cartas, obtivemos 311 cartas no formato 'papel'.
Obtivemos 273 cartas do conjunto Ravnica Allegiance. Destas cartas, obtivemos 273 cartas no formato 'papel'.
Obtivemos 273 cartas do conjunto Guilds of Ravnica. Destas cartas, obtivemos 273 cartas no formato 'papel'.
Obtivemos 314 cartas do conjunto Core Set 2019. Destas cartas, obtivemos 314 cartas no formato 'papel'.
Obtivemos 280 cartas do conjunto Dominaria. Destas cartas, obtivemos 280 cartas no formato 'papel'.
Obtivemos 205 cartas do conjunto Rivals of Ixalan. Destas cartas, obtivemos 205 cartas no formato 'papel'.
Obtivemos 289 cartas do conjunto Ixalan. Destas cartas, obtivemos 289 cartas no formato 'papel'.
Obtivemos 209 cartas do conjunto Hour of Devastation. Destas cartas, obtivemos 209 cartas no formato 'papel'.
Obtivemos 287 cartas do conjunto Amonkhet. Destas cartas, obtivemos 287 cartas no formato 'papel'.
Obtivemos 197 cartas do conjunto Aether Revolt. Destas cartas, obtivemos 197 cartas no formato 'papel'.
Obtivemos 278 cartas do conjunto Kaladesh. Destas cartas, obtivemos 278 cartas no formato 'papel'.
Obtivemos 208 cartas do conjunto Eldritch Moon. Destas cartas, obtivemos 208 cartas no formato 'papel'.
Obtivemos 302 cartas do conjunto Shadows over Innistrad. Destas cartas, obtivemos 302 cartas no formato 'papel'.
Obtivemos 187 cartas do conjunto Oath of the Gatewatch. Destas cartas, obtivemos 187 cartas no formato 'papel'.
Obtivemos 299 cartas do conjunto Battle for Zendikar. Destas cartas, obtivemos 299 cartas no formato 'papel'.
Obtivemos 288 cartas do conjunto Magic Origins. Destas cartas, obtivemos 288 cartas no formato 'papel'.
Obtivemos 264 cartas do conjunto Dragons of Tarkir. Destas cartas, obtivemos 264 cartas no formato 'papel'.
Obtivemos 191 cartas do conjunto Fate Reforged. Destas cartas, obtivemos 191 cartas no formato 'papel'.
Obtivemos 293 cartas do conjunto Khans of Tarkir. Destas cartas, obtivemos 269 cartas no formato 'papel'.
Obtivemos 284 cartas do conjunto Magic 2015. Destas cartas, obtivemos 284 cartas no formato 'papel'.
Obtivemos 165 cartas do conjunto Journey into Nyx. Destas cartas, obtivemos 165 cartas no formato 'papel'.
Obtivemos 165 cartas do conjunto Born of the Gods. Destas cartas, obtivemos 165 cartas no formato 'papel'.
Obtivemos 249 cartas do conjunto Theros. Destas cartas, obtivemos 249 cartas no formato 'papel'.
Obtivemos 249 cartas do conjunto Magic 2014. Destas cartas, obtivemos 249 cartas no formato 'papel'.
Obtivemos 156 cartas do conjunto Dragon's Maze. Destas cartas, obtivemos 156 cartas no formato 'papel'.
Obtivemos 249 cartas do conjunto Gatecrash. Destas cartas, obtivemos 249 cartas no formato 'papel'.
Obtivemos 274 cartas do conjunto Return to Ravnica. Destas cartas, obtivemos 274 cartas no formato 'papel'.
Obtivemos 249 cartas do conjunto Magic 2013. Destas cartas, obtivemos 249 cartas no formato 'papel'.
Obtivemos 244 cartas do conjunto Avacyn Restored. Destas cartas, obtivemos 244 cartas no formato 'papel'.
Obtivemos 158 cartas do conjunto Dark Ascension. Destas cartas, obtivemos 158 cartas no formato 'papel'.
Obtivemos 264 cartas do conjunto Innistrad. Destas cartas, obtivemos 264 cartas no formato 'papel'.
Obtivemos 249 cartas do conjunto Magic 2012. Destas cartas, obtivemos 249 cartas no formato 'papel'.
Obtivemos 175 cartas do conjunto New Phyrexia. Destas cartas, obtivemos 175 cartas no formato 'papel'.
Obtivemos 155 cartas do conjunto Mirrodin Besieged. Destas cartas, obtivemos 155 cartas no formato 'papel'.
Obtivemos 249 cartas do conjunto Scars of Mirrodin. Destas cartas, obtivemos 249 cartas no formato 'papel'.
Obtivemos 249 cartas do conjunto Magic 2011. Destas cartas, obtivemos 249 cartas no formato 'papel'.
Obtivemos 248 cartas do conjunto Rise of the Eldrazi. Destas cartas, obtivemos 248 cartas no formato 'papel'.
Obtivemos 145 cartas do conjunto Worldwake. Destas cartas, obtivemos 145 cartas no formato 'papel'.
Obtivemos 269 cartas do conjunto Zendikar. Destas cartas, obtivemos 269 cartas no formato 'papel'.
Obtivemos 249 cartas do conjunto Magic 2010. Destas cartas, obtivemos 249 cartas no formato 'papel'.
Obtivemos 145 cartas do conjunto Alara Reborn. Destas cartas, obtivemos 145 cartas no formato 'papel'.
Obtivemos 145 cartas do conjunto Conflux. Destas cartas, obtivemos 145 cartas no formato 'papel'.
Obtivemos 250 cartas do conjunto Shards of Alara. Destas cartas, obtivemos 250 cartas no formato 'papel'.
Obtivemos 180 cartas do conjunto Eventide. Destas cartas, obtivemos 180 cartas no formato 'papel'.
Obtivemos 302 cartas do conjunto Shadowmoor. Destas cartas, obtivemos 302 cartas no formato 'papel'.
Obtivemos 150 cartas do conjunto Morningtide. Destas cartas, obtivemos 150 cartas no formato 'papel'.
Obtivemos 301 cartas do conjunto Lorwyn. Destas cartas, obtivemos 301 cartas no formato 'papel'.
Obtivemos 510 cartas do conjunto Tenth Edition. Destas cartas, obtivemos 510 cartas no formato 'papel'.
Obtivemos 180 cartas do conjunto Future Sight. Destas cartas, obtivemos 180 cartas no formato 'papel'.
Obtivemos 165 cartas do conjunto Planar Chaos. Destas cartas, obtivemos 165 cartas no formato 'papel'.
Obtivemos 301 cartas do conjunto Time Spiral. Destas cartas, obtivemos 301 cartas no formato 'papel'.
Obtivemos 121 cartas do conjunto Time Spiral Timeshifted. Destas cartas, obtivemos 121 cartas no formato 'papel'.
Obtivemos 155 cartas do conjunto Coldsnap. Destas cartas, obtivemos 155 cartas no formato 'papel'.
Obtivemos 180 cartas do conjunto Dissension. Destas cartas, obtivemos 180 cartas no formato 'papel'.
Obtivemos 167 cartas do conjunto Guildpact. Destas cartas, obtivemos 167 cartas no formato 'papel'.
Obtivemos 306 cartas do conjunto Ravnica: City of Guilds. Destas cartas, obtivemos 306 cartas no formato 'papel'.
Obtivemos 710 cartas do conjunto Ninth Edition. Destas cartas, obtivemos 709 cartas no formato 'papel'.
Obtivemos 165 cartas do conjunto Saviors of Kamigawa. Destas cartas, obtivemos 165 cartas no formato 'papel'.
Obtivemos 165 cartas do conjunto Betrayers of Kamigawa. Destas cartas, obtivemos 165 cartas no formato 'papel'.
Obtivemos 307 cartas do conjunto Champions of Kamigawa. Destas cartas, obtivemos 307 cartas no formato 'papel'.
Obtivemos 165 cartas do conjunto Fifth Dawn. Destas cartas, obtivemos 165 cartas no formato 'papel'.
Obtivemos 165 cartas do conjunto Darksteel. Destas cartas, obtivemos 165 cartas no formato 'papel'.
Obtivemos 306 cartas do conjunto Mirrodin. Destas cartas, obtivemos 306 cartas no formato 'papel'.
Obtivemos 711 cartas do conjunto Eighth Edition. Destas cartas, obtivemos 710 cartas no formato 'papel'.
Obtivemos 143 cartas do conjunto Scourge. Destas cartas, obtivemos 143 cartas no formato 'papel'.
Obtivemos 145 cartas do conjunto Legions. Destas cartas, obtivemos 145 cartas no formato 'papel'.
Obtivemos 351 cartas do conjunto Onslaught. Destas cartas, obtivemos 351 cartas no formato 'papel'.
Obtivemos 143 cartas do conjunto Judgment. Destas cartas, obtivemos 143 cartas no formato 'papel'.
Obtivemos 143 cartas do conjunto Torment. Destas cartas, obtivemos 143 cartas no formato 'papel'.
Obtivemos 353 cartas do conjunto Odyssey. Destas cartas, obtivemos 353 cartas no formato 'papel'.
Obtivemos 143 cartas do conjunto Apocalypse. Destas cartas, obtivemos 143 cartas no formato 'papel'.
Obtivemos 708 cartas do conjunto Seventh Edition. Destas cartas, obtivemos 708 cartas no formato 'papel'.
Obtivemos 146 cartas do conjunto Planeshift. Destas cartas, obtivemos 146 cartas no formato 'papel'.
Obtivemos 353 cartas do conjunto Invasion. Destas cartas, obtivemos 353 cartas no formato 'papel'.
Obtivemos 144 cartas do conjunto Prophecy. Destas cartas, obtivemos 144 cartas no formato 'papel'.
Obtivemos 143 cartas do conjunto Nemesis. Destas cartas, obtivemos 143 cartas no formato 'papel'.
Obtivemos 350 cartas do conjunto Mercadian Masques. Destas cartas, obtivemos 350 cartas no formato 'papel'.
Obtivemos 143 cartas do conjunto Urza's Destiny. Destas cartas, obtivemos 143 cartas no formato 'papel'.
Obtivemos 351 cartas do conjunto Classic Sixth Edition. Destas cartas, obtivemos 351 cartas no formato 'papel'.
Obtivemos 143 cartas do conjunto Urza's Legacy. Destas cartas, obtivemos 143 cartas no formato 'papel'.
Obtivemos 356 cartas do conjunto Urza's Saga. Destas cartas, obtivemos 356 cartas no formato 'papel'.
Obtivemos 143 cartas do conjunto Exodus. Destas cartas, obtivemos 143 cartas no formato 'papel'.
Obtivemos 143 cartas do conjunto Stronghold. Destas cartas, obtivemos 143 cartas no formato 'papel'.
Obtivemos 350 cartas do conjunto Tempest. Destas cartas, obtivemos 350 cartas no formato 'papel'.
Obtivemos 167 cartas do conjunto Weatherlight. Destas cartas, obtivemos 167 cartas no formato 'papel'.
Obtivemos 460 cartas do conjunto Fifth Edition. Destas cartas, obtivemos 460 cartas no formato 'papel'.
Obtivemos 167 cartas do conjunto Visions. Destas cartas, obtivemos 167 cartas no formato 'papel'.
Obtivemos 353 cartas do conjunto Mirage. Destas cartas, obtivemos 353 cartas no formato 'papel'.
Obtivemos 199 cartas do conjunto Alliances. Destas cartas, obtivemos 199 cartas no formato 'papel'.
Obtivemos 140 cartas do conjunto Homelands. Destas cartas, obtivemos 140 cartas no formato 'papel'.
Obtivemos 383 cartas do conjunto Ice Age. Destas cartas, obtivemos 383 cartas no formato 'papel'.
Obtivemos 378 cartas do conjunto Fourth Edition Foreign Black Border. Destas cartas, obtivemos 378 cartas no formato 'papel'.
Obtivemos 379 cartas do conjunto Fourth Edition. Destas cartas, obtivemos 379 cartas no formato 'papel'.
Obtivemos 187 cartas do conjunto Fallen Empires. Destas cartas, obtivemos 187 cartas no formato 'papel'.
Obtivemos 122 cartas do conjunto The Dark. Destas cartas, obtivemos 122 cartas no formato 'papel'.
Obtivemos 306 cartas do conjunto Summer Magic / Edgar. Destas cartas, obtivemos 306 cartas no formato 'papel'.
Obtivemos 310 cartas do conjunto Legends. Destas cartas, obtivemos 310 cartas no formato 'papel'.
Obtivemos 306 cartas do conjunto Revised Edition. Destas cartas, obtivemos 306 cartas no formato 'papel'.
Obtivemos 307 cartas do conjunto Foreign Black Border. Destas cartas, obtivemos 307 cartas no formato 'papel'.
Obtivemos 102 cartas do conjunto Antiquities. Destas cartas, obtivemos 102 cartas no formato 'papel'.
Obtivemos 92 cartas do conjunto Arabian Nights. Destas cartas, obtivemos 92 cartas no formato 'papel'.
Obtivemos 302 cartas do conjunto Unlimited Edition. Destas cartas, obtivemos 302 cartas no formato 'papel'.
Obtivemos 302 cartas do conjunto Limited Edition Beta. Destas cartas, obtivemos 302 cartas no formato 'papel'.
Obtivemos 295 cartas do conjunto Limited Edition Alpha. Destas cartas, obtivemos 295 cartas no formato 'papel'.

Total de cartas: 36468